%!Adobe-FontList 1.24
%Locale:0x409

%BeginFont
Handler:DirectoryHandler
FontType:Invalid
OutlineFileName:/Users/moirinnelson/Desktop/Business/Fiverr/arlo./arlo_brand_guide/Document fonts/AdobeFnt24.lst
FileLength:3516
FileModTime:771045974
%EndFont

%BeginFont
Handler:DirectoryHandler
FontType:TrueType
FontName:Inter-Regular
FamilyName:Inter
StyleName:Regular
MenuName:Inter
FamilyPrefix:Inter
StyleBits:0
WeightClass:400
WidthClass:5
AngleClass:0
FullName:Inter Regular
WritingScript:Roman
OutlineFileName:/Users/moirinnelson/Desktop/Business/Fiverr/arlo./arlo_brand_guide/Document fonts/Inter-VariableFont_opsz,wght.ttf
DataFormat:sfntData
hasSVG:no
hasSBIX:no
hasCOLR:no
VariableFontType:TrueTypeVariableFont
FileLength:874708
FileModTime:747184280
NameArray:0,Win,1,Inter
%EndFont

%BeginFont
Handler:DirectoryHandler
FontType:Type1
FontName:MinionPro-Regular
FamilyName:Minion Pro
StyleName:Regular
MenuName:Minion Pro
StyleBits:0
WeightClass:400
WidthClass:5
AngleClass:0
FullName:Minion Pro
WritingScript:Roman
OutlineFileName:/Users/moirinnelson/Desktop/Business/Fiverr/arlo./arlo_brand_guide/Document fonts/MinionPro-Regular.otf
DataFormat:sfntData
UsesStandardEncoding:yes
isCFF:yes
hasSVG:no
hasSBIX:no
hasCOLR:no
VariableFontType:NonVariableFont
FileLength:218640
FileModTime:767707081
DesignSize:110
NameArray:0,Mac,4,Minion Pro
NameArray:0,Win,1,Minion Pro
%EndFont

%BeginFont
Handler:DirectoryHandler
FontType:TrueType
FontName:PTSerif-Bold
FamilyName:PT Serif
StyleName:Bold
MenuName:PT Serif
StyleBits:2
WeightClass:700
WidthClass:5
AngleClass:0
FullName:PT Serif Bold
WritingScript:Roman
OutlineFileName:/Users/moirinnelson/Desktop/Business/Fiverr/arlo./arlo_brand_guide/Document fonts/PTSerif.ttc
TTCOffset:940
DataFormat:sfntData
hasSVG:no
hasSBIX:no
hasCOLR:no
VariableFontType:NonVariableFont
FileLength:1164836
FileModTime:767852800
NameArray:0,Mac,18,PT Serif Bold
NameArray:0,Mac,4,PT Serif Bold
NameArray:0,Win,1,PT Serif
%EndFont

%BeginFont
Handler:DirectoryHandler
FontType:TrueType
FontName:PTSerif-BoldItalic
FamilyName:PT Serif
StyleName:Bold Italic
MenuName:PT Serif
StyleBits:3
WeightClass:700
WidthClass:5
AngleClass:1
FullName:PT Serif Bold Italic
WritingScript:Roman
OutlineFileName:/Users/moirinnelson/Desktop/Business/Fiverr/arlo./arlo_brand_guide/Document fonts/PTSerif.ttc
TTCOffset:640
DataFormat:sfntData
hasSVG:no
hasSBIX:no
hasCOLR:no
VariableFontType:NonVariableFont
FileLength:1164836
FileModTime:767852800
NameArray:0,Mac,18,PT Serif Bold Italic
NameArray:0,Mac,4,PT Serif Bold Italic
NameArray:0,Win,1,PT Serif
%EndFont

%BeginFont
Handler:DirectoryHandler
FontType:TrueType
FontName:PTSerif-Italic
FamilyName:PT Serif
StyleName:Italic
MenuName:PT Serif
StyleBits:1
WeightClass:400
WidthClass:5
AngleClass:1
FullName:PT Serif Italic
WritingScript:Roman
OutlineFileName:/Users/moirinnelson/Desktop/Business/Fiverr/arlo./arlo_brand_guide/Document fonts/PTSerif.ttc
TTCOffset:340
DataFormat:sfntData
hasSVG:no
hasSBIX:no
hasCOLR:no
VariableFontType:NonVariableFont
FileLength:1164836
FileModTime:767852800
NameArray:0,Mac,18,PT Serif Italic
NameArray:0,Mac,4,PT Serif Italic
NameArray:0,Win,1,PT Serif
%EndFont

%BeginFont
Handler:DirectoryHandler
FontType:TrueType
FontName:PTSerif-Regular
FamilyName:PT Serif
StyleName:Regular
MenuName:PT Serif
StyleBits:0
WeightClass:400
WidthClass:5
AngleClass:0
FullName:PT Serif
WritingScript:Roman
OutlineFileName:/Users/moirinnelson/Desktop/Business/Fiverr/arlo./arlo_brand_guide/Document fonts/PTSerif.ttc
TTCOffset:40
DataFormat:sfntData
hasSVG:no
hasSBIX:no
hasCOLR:no
VariableFontType:NonVariableFont
FileLength:1164836
FileModTime:767852800
NameArray:0,Mac,18,PT Serif
NameArray:0,Mac,4,PT Serif
NameArray:0,Win,1,PT Serif
%EndFont

